<?xml version="1.0" encoding="utf-8"?><testsuites name="pytest tests"><testsuite name="pytest" errors="0" failures="0" skipped="0" tests="11" time="1.505" timestamp="2026-05-02T14:27:14.855296+00:00" hostname="agent-env-b7fa1e35-ca5a-4810-a0a5-67c9c2210aff"><testcase classname="backend.tests.test_iteration4_section_chapter" name="test_adhkar_has_section_chapter_fields" time="0.250" /><testcase classname="backend.tests.test_iteration4_section_chapter" name="test_adhkar_has_exactly_2_sections_and_8_chapters" time="0.052" /><testcase classname="backend.tests.test_iteration4_section_chapter" name="test_ousoul_thalatha_section_chapter_null_or_absent" time="0.050" /><testcase classname="backend.tests.test_iteration4_section_chapter" name="test_arbain_nawawi_section_chapter_null" time="0.053" /><testcase classname="backend.tests.test_iteration4_section_chapter" name="test_post_custom_matn_preserves_section_chapter" time="0.097" /><testcase classname="backend.tests.test_iteration4_section_chapter" name="test_put_matn_with_section_chapter_persists" time="0.143" /><testcase classname="backend.tests.test_iteration4_section_chapter" name="test_put_matn_without_section_chapter_works" time="0.102" /><testcase classname="backend.tests.test_iteration4_section_chapter" name="test_programs_create_and_get_today" time="0.218" /><testcase classname="backend.tests.test_iteration4_section_chapter" name="test_progress_update_works" time="0.055" /><testcase classname="backend.tests.test_iteration4_section_chapter" name="test_plan_endpoint" time="0.053" /><testcase classname="backend.tests.test_iteration4_section_chapter" name="test_stats_endpoint" time="0.266" /></testsuite></testsuites>