<?xml version="1.0" encoding="utf-8"?><testsuites name="pytest tests"><testsuite name="pytest" errors="0" failures="0" skipped="0" tests="43" time="8.060" timestamp="2026-05-02T14:27:24.011052+00:00" hostname="agent-env-b7fa1e35-ca5a-4810-a0a5-67c9c2210aff"><testcase classname="backend.tests.backend_test" name="test_list_moutoun_returns_8_preloaded" time="0.163" /><testcase classname="backend.tests.backend_test" name="test_get_sittah_ousoul_has_at_least_10_abyat" time="0.050" /><testcase classname="backend.tests.backend_test" name="test_get_oumdat_al_ahkam" time="0.049" /><testcase classname="backend.tests.backend_test" name="test_get_adhkar_wa_adab" time="0.050" /><testcase classname="backend.tests.backend_test" name="test_arbain_nawawi_has_42_abyat" time="0.049" /><testcase classname="backend.tests.backend_test" name="test_progress_endpoint_works" time="0.052" /><testcase classname="backend.tests.backend_test" name="test_plan_endpoint_works" time="0.051" /><testcase classname="backend.tests.backend_test" name="test_stats_endpoint_works" time="0.055" /><testcase classname="backend.tests.backend_test" name="test_create_program_success" time="0.284" /><testcase classname="backend.tests.backend_test" name="test_create_program_empty_matn_ids_400" time="0.204" /><testcase classname="backend.tests.backend_test" name="test_create_program_invalid_duration_low" time="0.156" /><testcase classname="backend.tests.backend_test" name="test_create_program_invalid_duration_high" time="0.158" /><testcase classname="backend.tests.backend_test" name="test_create_program_invalid_daily_new_low" time="0.149" /><testcase classname="backend.tests.backend_test" name="test_create_program_invalid_daily_new_high" time="0.236" /><testcase classname="backend.tests.backend_test" name="test_create_6th_active_program_rejected" time="0.651" /><testcase classname="backend.tests.backend_test" name="test_list_programs_sorted_desc" time="0.438" /><testcase classname="backend.tests.backend_test" name="test_program_detail_schedule" time="0.327" /><testcase classname="backend.tests.backend_test" name="test_patch_program_pause" time="0.309" /><testcase classname="backend.tests.backend_test" name="test_patch_active_when_5_already_active_rejected" time="0.780" /><testcase classname="backend.tests.backend_test" name="test_delete_program" time="0.250" /><testcase classname="backend.tests.backend_test" name="test_delete_nonexistent_404" time="0.183" /><testcase classname="backend.tests.backend_test" name="test_today_active_programs" time="0.431" /><testcase classname="backend.tests.backend_test" name="test_put_custom_matn_updates_fields" time="0.194" /><testcase classname="backend.tests.backend_test" name="test_put_reindexes_abyat_sequentially" time="0.148" /><testcase classname="backend.tests.backend_test" name="test_put_404_for_nonexistent" time="0.055" /><testcase classname="backend.tests.backend_test" name="test_put_partial_body_only_updates_provided" time="0.143" /><testcase classname="backend.tests.backend_test" name="test_put_preloaded_matn_allowed_and_revertible" time="0.209" /><testcase classname="backend.tests.backend_test" name="test_put_preloaded_persists_after_seed_rerun" time="0.351" /><testcase classname="backend.tests.backend_test" name="test_put_abyat_index_optional_per_spec" time="0.145" /><testcase classname="backend.tests.backend_test" name="test_get_after_put_returns_updated" time="0.192" /><testcase classname="backend.tests.backend_test" name="test_put_does_not_break_programs_endpoints" time="0.191" /><testcase classname="backend.tests.backend_test" name="test_get_moutoun_returns_8_preloaded_unchanged_after_edits" time="0.058" /><testcase classname="backend.tests.test_iteration4_section_chapter" name="test_adhkar_has_section_chapter_fields" time="0.166" /><testcase classname="backend.tests.test_iteration4_section_chapter" name="test_adhkar_has_exactly_2_sections_and_8_chapters" time="0.043" /><testcase classname="backend.tests.test_iteration4_section_chapter" name="test_ousoul_thalatha_section_chapter_null_or_absent" time="0.048" /><testcase classname="backend.tests.test_iteration4_section_chapter" name="test_arbain_nawawi_section_chapter_null" time="0.051" /><testcase classname="backend.tests.test_iteration4_section_chapter" name="test_post_custom_matn_preserves_section_chapter" time="0.098" /><testcase classname="backend.tests.test_iteration4_section_chapter" name="test_put_matn_with_section_chapter_persists" time="0.157" /><testcase classname="backend.tests.test_iteration4_section_chapter" name="test_put_matn_without_section_chapter_works" time="0.098" /><testcase classname="backend.tests.test_iteration4_section_chapter" name="test_programs_create_and_get_today" time="0.189" /><testcase classname="backend.tests.test_iteration4_section_chapter" name="test_progress_update_works" time="0.055" /><testcase classname="backend.tests.test_iteration4_section_chapter" name="test_plan_endpoint" time="0.054" /><testcase classname="backend.tests.test_iteration4_section_chapter" name="test_stats_endpoint" time="0.257" /></testsuite></testsuites>