<?xml version="1.0" encoding="utf-8"?><testsuites name="pytest tests"><testsuite name="pytest" errors="0" failures="1" skipped="0" tests="32" time="6.789" timestamp="2026-05-02T11:37:49.732014+00:00" hostname="agent-env-b7fa1e35-ca5a-4810-a0a5-67c9c2210aff"><testcase classname="backend.tests.backend_test" name="test_list_moutoun_returns_8_preloaded" time="0.185" /><testcase classname="backend.tests.backend_test" name="test_get_sittah_ousoul_has_at_least_10_abyat" time="0.052" /><testcase classname="backend.tests.backend_test" name="test_get_oumdat_al_ahkam" time="0.060" /><testcase classname="backend.tests.backend_test" name="test_get_adhkar_wa_adab" time="0.057" /><testcase classname="backend.tests.backend_test" name="test_arbain_nawawi_has_42_abyat" time="0.058" /><testcase classname="backend.tests.backend_test" name="test_progress_endpoint_works" time="0.052" /><testcase classname="backend.tests.backend_test" name="test_plan_endpoint_works" time="0.058" /><testcase classname="backend.tests.backend_test" name="test_stats_endpoint_works" time="0.053" /><testcase classname="backend.tests.backend_test" name="test_create_program_success" time="0.275" /><testcase classname="backend.tests.backend_test" name="test_create_program_empty_matn_ids_400" time="0.149" /><testcase classname="backend.tests.backend_test" name="test_create_program_invalid_duration_low" time="0.165" /><testcase classname="backend.tests.backend_test" name="test_create_program_invalid_duration_high" time="0.149" /><testcase classname="backend.tests.backend_test" name="test_create_program_invalid_daily_new_low" time="0.146" /><testcase classname="backend.tests.backend_test" name="test_create_program_invalid_daily_new_high" time="0.152" /><testcase classname="backend.tests.backend_test" name="test_create_6th_active_program_rejected" time="0.618" /><testcase classname="backend.tests.backend_test" name="test_list_programs_sorted_desc" time="0.446" /><testcase classname="backend.tests.backend_test" name="test_program_detail_schedule" time="0.271" /><testcase classname="backend.tests.backend_test" name="test_patch_program_pause" time="0.333" /><testcase classname="backend.tests.backend_test" name="test_patch_active_when_5_already_active_rejected" time="0.793" /><testcase classname="backend.tests.backend_test" name="test_delete_program" time="0.282" /><testcase classname="backend.tests.backend_test" name="test_delete_nonexistent_404" time="0.148" /><testcase classname="backend.tests.backend_test" name="test_today_active_programs" time="0.405" /><testcase classname="backend.tests.backend_test" name="test_put_custom_matn_updates_fields" time="0.202" /><testcase classname="backend.tests.backend_test" name="test_put_reindexes_abyat_sequentially" time="0.150" /><testcase classname="backend.tests.backend_test" name="test_put_404_for_nonexistent" time="0.060" /><testcase classname="backend.tests.backend_test" name="test_put_partial_body_only_updates_provided" time="0.150" /><testcase classname="backend.tests.backend_test" name="test_put_preloaded_matn_allowed_and_revertible" time="0.220" /><testcase classname="backend.tests.backend_test" name="test_put_preloaded_persists_after_seed_rerun" time="0.351" /><testcase classname="backend.tests.backend_test" name="test_put_abyat_index_optional_per_spec" time="0.160"><failure message="AssertionError: BUG: spec says abyat[].index is optional and server re-indexes, but PUT returned 422: {&quot;detail&quot;:[{&quot;type&quot;:&quot;missing&quot;,&quot;loc&quot;:[&quot;body&quot;,&quot;abyat&quot;,0,&quot;index&quot;],&quot;msg&quot;:&quot;Field required&quot;,&quot;input&quot;:{&quot;arabic&quot;:&quot;a&quot;,&quot;translation_fr&quot;:&quot;x&quot;},&quot;url&quot;:&quot;https://errors.pydantic.dev/2.12/v/missing&quot;},{&quot;type&quot;:&quot;missing&quot;,&quot;loc&quot;:[&quot;body&quot;,&quot;abyat&quot;,1,&quot;index&quot;],&quot;msg&quot;:&quot;Field required&quot;,&quot;input&quot;:{&quot;arabic&quot;:&quot;b&quot;,&quot;translation_fr&quot;:&quot;y&quot;},&quot;url&quot;:&quot;https://errors.pydantic.dev/2.12/v/missing&quot;}]}&#10;assert 422 == 200&#10; +  where 422 = &lt;Response [422]&gt;.status_code">backend/tests/backend_test.py:393: in test_put_abyat_index_optional_per_spec
    assert r.status_code == 200, (
E   AssertionError: BUG: spec says abyat[].index is optional and server re-indexes, but PUT returned 422: {"detail":[{"type":"missing","loc":["body","abyat",0,"index"],"msg":"Field required","input":{"arabic":"a","translation_fr":"x"},"url":"https://errors.pydantic.dev/2.12/v/missing"},{"type":"missing","loc":["body","abyat",1,"index"],"msg":"Field required","input":{"arabic":"b","translation_fr":"y"},"url":"https://errors.pydantic.dev/2.12/v/missing"}]}
E   assert 422 == 200
E    +  where 422 = &lt;Response [422]&gt;.status_code</failure></testcase><testcase classname="backend.tests.backend_test" name="test_get_after_put_returns_updated" time="0.197" /><testcase classname="backend.tests.backend_test" name="test_put_does_not_break_programs_endpoints" time="0.202" /><testcase classname="backend.tests.backend_test" name="test_get_moutoun_returns_8_preloaded_unchanged_after_edits" time="0.062" /></testsuite></testsuites>